<?xml version="1.0" encoding="UTF-8"?>
<testsuite name="takagi.ru.monica.utils.StartupLanguageCacheTest" tests="2" skipped="0" failures="0" errors="0" timestamp="2026-09-20T04:03:58" hostname="JOYIN" time="0.017">
  <properties/>
  <testcase name="cachedLanguageParsingFailsSafelyToSystemLanguage" classname="takagi.ru.monica.utils.StartupLanguageCacheTest" time="0.004"/>
  <testcase name="activityStartupUsesCacheInsteadOfWaitingForDataStore" classname="takagi.ru.monica.utils.StartupLanguageCacheTest" time="0.013"/>
  <system-out><![CDATA[]]></system-out>
  <system-err><![CDATA[]]></system-err>
</testsuite>
