<?xml version="1.0" encoding="UTF-8"?>
<testsuite name="takagi.ru.monica.localization.LocaleResourceCoverageTest" tests="3" skipped="0" failures="0" errors="0" timestamp="2026-09-20T04:03:56" hostname="JOYIN" time="2.092">
  <properties/>
  <testcase name="theResourceContractCoversEveryAdvertisedLanguage" classname="takagi.ru.monica.localization.LocaleResourceCoverageTest" time="0.039"/>
  <testcase name="everyLocaleIncludesEveryTranslatableResourceAcrossAllModules" classname="takagi.ru.monica.localization.LocaleResourceCoverageTest" time="1.744"/>
  <testcase name="recentlyAddedFeatureMessagesHaveTranslationsInsteadOfEnglishCopies" classname="takagi.ru.monica.localization.LocaleResourceCoverageTest" time="0.308"/>
  <system-out><![CDATA[]]></system-out>
  <system-err><![CDATA[]]></system-err>
</testsuite>
